Gem actionmailer-4.2.6
  actionpack (= 4.2.6)
  actionview (= 4.2.6)
  activejob (= 4.2.6)
  mail (>= 2.5.4, ~> 2.5)
  rails-dom-testing (>= 1.0.5, ~> 1.0)

Gem actionpack-4.2.6
  actionview (= 4.2.6)
  activemodel (= 4.2.6, development)
  activesupport (= 4.2.6)
  rack (~> 1.6)
  rack-test (~> 0.6.2)
  rails-dom-testing (>= 1.0.5, ~> 1.0)
  rails-html-sanitizer (>= 1.0.2, ~> 1.0)

Gem actionview-4.2.6
  actionpack (= 4.2.6, development)
  activemodel (= 4.2.6, development)
  activesupport (= 4.2.6)
  builder (~> 3.1)
  erubis (~> 2.7.0)
  rails-dom-testing (>= 1.0.5, ~> 1.0)
  rails-html-sanitizer (>= 1.0.2, ~> 1.0)

Gem activejob-4.2.6
  activesupport (= 4.2.6)
  globalid (>= 0.3.0)

Gem activemodel-4.2.6
  activesupport (= 4.2.6)
  builder (~> 3.1)

Gem activerecord-4.2.6
  activemodel (= 4.2.6)
  activesupport (= 4.2.6)
  arel (~> 6.0)

Gem activesupport-4.2.6
  i18n (~> 0.7)
  json (>= 1.7.7, ~> 1.7)
  minitest (~> 5.1)
  thread_safe (>= 0.3.4, ~> 0.3)
  tzinfo (~> 1.1)

Gem acts-as-taggable-on-3.5.0
  activerecord (< 5, >= 3.2)
  barrier (>= 0, development)
  database_cleaner (>= 0, development)
  mysql2 (~> 0.3.7, development)
  pg (>= 0, development)
  rspec (>= 0, development)
  rspec-its (>= 0, development)
  rspec-rails (>= 0, development)
  sqlite3 (>= 0, development)

Gem addressable-2.3.5
  launchy (>= 0.3.2, development)
  rake (>= 0.7.3, development)
  rspec (>= 2.9.0, development)

Gem addressable-2.4.0
  bundler (~> 1.0, development)

Gem annotate-2.6.1
  activerecord (>= 2.3.0)
  rake (>= 0.8.7)

Gem annotate-2.7.1
  activerecord (< 6.0, >= 3.2)
  rake (< 12.0, >= 10.4)

Gem arel-6.0.3
  minitest (~> 5.4, development)
  rdoc (~> 4.0, development)

Gem ast-2.3.0
  bacon (~> 1.2, development)
  bacon-colored_output (>= 0, development)
  coveralls (>= 0, development)
  json_pure (>= 0, development)
  kramdown (>= 0, development)
  mime-types (~> 1.25, development)
  rake (~> 10.0, development)
  rest-client (~> 1.6.7, development)
  simplecov (>= 0, development)
  yard (>= 0, development)

Gem autoprefixer-rails-6.3.6
  compass (>= 0, development)
  execjs (>= 0)
  rails (>= 0, development)
  rake (>= 0, development)
  rspec-rails (>= 0, development)

Gem autoprefixer-rails-6.3.6.1
  compass (>= 0, development)
  execjs (>= 0)
  rails (>= 0, development)
  rake (>= 0, development)
  rspec-rails (>= 0, development)

Gem autoprefixer-rails-6.4.0.3
  compass (>= 0, development)
  execjs (>= 0)
  rails (>= 0, development)
  rake (>= 0, development)
  rspec-rails (>= 0, development)

Gem awesome_print-1.7.0
  appraisal (>= 0, development)
  codeclimate-test-reporter (>= 0, development)
  fakefs (>= 0.2.1, development)
  nokogiri (>= 1.6.5, development)
  rspec (>= 3.0.0, development)
  sqlite3 (>= 0, development)

Gem bcrypt-3.1.11
  rake-compiler (~> 0.9.2, development)
  rdoc (~> 3.12, development)
  rspec (>= 3, development)

Gem bigdecimal-1.2.8

Gem binding_of_caller-0.7.2
  bacon (>= 0, development)
  debug_inspector (>= 0.0.1)
  rake (>= 0, development)

Gem bootstrap-4.0.0.alpha3.1
  actionpack (>= 4.1.5, development)
  activesupport (>= 4.1.5, development)
  autoprefixer-rails (>= 6.0.3)
  capybara (>= 2.6.0, development)
  compass (~> 1.0.3, development)
  jquery-rails (>= 3.1.0, development)
  json (>= 1.8.1, development)
  minitest (~> 5.8.0, development)
  minitest-reporters (~> 1.0.5, development)
  poltergeist (>= 0, development)
  sass (>= 3.4.19)
  slim-rails (>= 0, development)
  sprockets-rails (>= 2.3.2, development)
  term-ansicolor (>= 0, development)
  uglifier (>= 0, development)

Gem bootstrap-sass-2.3.1.3
  compass (>= 0, development)
  sass (~> 3.2)
  sass-rails (~> 3.2, development)

Gem bootstrap-sass-3.3.5.1
  actionpack (>= 4.1.5, development)
  activesupport (>= 4.1.5, development)
  autoprefixer-rails (>= 5.0.0.1)
  capybara (>= 0, development)
  jquery-rails (>= 3.1.0, development)
  json (>= 1.8.1, development)
  minitest (~> 5.4.0, development)
  minitest-reporters (~> 1.0.5, development)
  poltergeist (>= 0, development)
  sass (>= 3.3.0)
  slim-rails (>= 0, development)
  sprockets-rails (>= 2.1.3, development)
  term-ansicolor (>= 0, development)
  uglifier (>= 0, development)

Gem bootstrap-sass-3.3.6
  actionpack (>= 4.1.5, development)
  activesupport (>= 4.1.5, development)
  autoprefixer-rails (>= 5.2.1)
  capybara (>= 2.5.0, development)
  jquery-rails (>= 3.1.0, development)
  json (>= 1.8.1, development)
  minitest (~> 5.8, development)
  minitest-reporters (~> 1.1, development)
  poltergeist (>= 0, development)
  sass (>= 3.3.4)
  slim-rails (>= 0, development)
  sprockets-rails (>= 2.1.3, development)
  term-ansicolor (>= 0, development)
  uglifier (>= 0, development)

Gem builder-3.2.2

Gem bundler-1.11.2
  automatiek (~> 0.1.0, development)
  mustache (= 0.99.6, development)
  rake (~> 10.0, development)
  rdiscount (~> 1.6, development)
  ronn (~> 0.7.3, development)
  rspec (~> 3.0, development)

Gem byebug-8.2.4
  bundler (~> 1.7, development)

Gem byebug-9.0.4
  bundler (~> 1.7, development)

Gem byebug-9.0.5
  bundler (~> 1.7, development)

Gem capybara-2.2.1
  cucumber (>= 0.10.5, development)
  fuubar (>= 0.0.1, development)
  launchy (>= 2.0.4, development)
  mime-types (>= 1.16)
  nokogiri (>= 1.3.3)
  pry (>= 0, development)
  rack (>= 1.0.0)
  rack-test (>= 0.5.4)
  rake (>= 0, development)
  rspec (>= 2.2.0, development)
  selenium-webdriver (~> 2.0, development)
  sinatra (>= 0.9.4, development)
  xpath (~> 2.0)
  yard (>= 0.5.8, development)

Gem capybara-2.7.1
  addressable (>= 0)
  cucumber (>= 0.10.5, development)
  fuubar (>= 0.0.1, development)
  launchy (>= 2.0.4, development)
  mime-types (>= 1.16)
  nokogiri (>= 1.3.3)
  pry (>= 0, development)
  rack (>= 1.0.0)
  rack-test (>= 0.5.4)
  rake (< 11.0, development)
  rspec (>= 2.2.0, development)
  selenium-webdriver (~> 2.0, development)
  sinatra (>= 0.9.4, development)
  xpath (~> 2.0)
  yard (>= 0.5.8, development)

Gem capybara-2.8.0
  addressable (>= 0)
  cucumber (>= 0.10.5, development)
  erubis (>= 0, development)
  fuubar (>= 0.0.1, development)
  launchy (>= 2.0.4, development)
  mime-types (>= 1.16)
  nokogiri (>= 1.3.3)
  pry (>= 0, development)
  rack (>= 1.0.0)
  rack-test (>= 0.5.4)
  rake (< 11.0, development)
  rspec (>= 2.2.0, development)
  selenium-webdriver (~> 2.0, development)
  sinatra (>= 0.9.4, development)
  xpath (~> 2.0)
  yard (>= 0.5.8, development)

Gem coffee-rails-4.0.1
  coffee-script (>= 2.2.0)
  railties (< 5.0, >= 4.0.0)

Gem coffee-rails-4.1.1
  coffee-script (>= 2.2.0)
  railties (< 5.1.x, >= 4.0.0)

Gem coffee-script-2.2.0
  coffee-script-source (>= 0)
  execjs (>= 0)

Gem coffee-script-2.4.1
  coffee-script-source (>= 0)
  execjs (>= 0)
  json (>= 0, development)
  rake (>= 0, development)

Gem coffee-script-source-1.6.3

Gem coffee-script-source-1.10.0

Gem concurrent-ruby-1.0.1

Gem concurrent-ruby-1.0.2

Gem database_cleaner-1.2.0

Gem database_cleaner-1.5.3
  activerecord (>= 0, development)
  activerecord-mysql2-adapter (>= 0, development)
  bson_ext (>= 0, development)
  bundler (>= 0, development)
  couch_potato (>= 0, development)
  cucumber (>= 0, development)
  datamapper (>= 0, development)
  dm-migrations (>= 0, development)
  dm-sqlite-adapter (>= 0, development)
  guard-rspec (>= 0, development)
  json_pure (>= 0, development)
  mongo_ext (>= 0, development)
  mongo_mapper (>= 0, development)
  mongoid (>= 0, development)
  mongoid-tree (>= 0, development)
  moped (>= 0, development)
  mysql (~> 2.9.1, development)
  mysql2 (>= 0, development)
  neo4j-core (>= 0, development)
  ohm (~> 0.1.3, development)
  pg (>= 0, development)
  rake (>= 0, development)
  rspec-rails (~> 2.14.2, development)
  sequel (~> 3.21.0, development)
  sqlite3 (>= 0, development)
  tzinfo (>= 0, development)

Gem debug_inspector-0.0.2

Gem devise-4.0.1
  bcrypt (~> 3.0)
  orm_adapter (~> 0.1)
  railties (< 5.1, >= 4.1.0)
  responders (>= 0)
  warden (~> 1.2.3)

Gem devise-4.1.1
  bcrypt (~> 3.0)
  orm_adapter (~> 0.1)
  railties (< 5.1, >= 4.1.0)
  responders (>= 0)
  warden (~> 1.2.3)

Gem did_you_mean-1.0.0
  bundler (~> 1.5, development)
  minitest (>= 0, development)
  rake (>= 0, development)

Gem diff-lcs-1.2.5
  hoe (~> 3.7, development)
  hoe-bundler (~> 1.2, development)
  hoe-doofus (~> 1.0, development)
  hoe-gemspec2 (~> 1.1, development)
  hoe-git (~> 1.5, development)
  hoe-rubygems (~> 1.0, development)
  hoe-travis (~> 1.2, development)
  rake (~> 10.0, development)
  rdoc (~> 4.0, development)
  rspec (~> 2.0, development)
  rubyforge (>= 2.0.4, development)

Gem erubis-2.7.0

Gem execjs-2.0.2
  rake (>= 0, development)

Gem execjs-2.6.0
  rake (>= 0, development)

Gem execjs-2.7.0
  rake (>= 0, development)

Gem factory_girl-4.3.0
  activesupport (>= 3.0.0)
  appraisal (~> 0.5.1, development)
  aruba (>= 0, development)
  bourne (>= 0, development)
  cucumber (~> 1.2.1, development)
  mocha (>= 0.12.8, development)
  rspec (~> 2.12.0, development)
  simplecov (>= 0, development)
  sqlite3 (>= 0, development)
  timecop (>= 0, development)
  yard (>= 0, development)

Gem factory_girl-4.7.0
  activerecord (>= 3.0.0, development)
  activesupport (>= 3.0.0)
  appraisal (~> 2.1.0, development)
  aruba (>= 0, development)
  bourne (>= 0, development)
  cucumber (~> 1.3.15, development)
  mocha (>= 0.12.8, development)
  rspec (~> 3.0, development)
  rspec-its (~> 1.0, development)
  simplecov (>= 0, development)
  timecop (>= 0, development)
  yard (>= 0, development)

Gem factory_girl_rails-4.7.0
  factory_girl (~> 4.7.0)
  railties (>= 3.0.0)

Gem faker-1.2.0
  i18n (~> 0.5)

Gem faker-1.6.6
  i18n (~> 0.5)

Gem faraday-0.9.2
  multipart-post (< 3, >= 1.2)

Gem figaro-1.1.1
  bundler (~> 1.7, development)
  rake (~> 10.4, development)
  thor (~> 0.14)

Gem globalid-0.3.6
  activesupport (>= 4.1.0)
  rake (>= 0, development)

Gem globalid-0.3.7
  activesupport (>= 4.1.0)
  rake (>= 0, development)

Gem google-api-client-0.9.11
  addressable (~> 2.3)
  googleauth (~> 0.5)
  httpclient (~> 2.7)
  hurley (~> 0.1)
  memoist (~> 0.11)
  mime-types (>= 1.6)
  representable (~> 2.3.0)
  retriable (~> 2.0)
  thor (~> 0.19)

Gem google-api-client-0.9.12
  addressable (~> 2.3)
  googleauth (~> 0.5)
  httpclient (~> 2.7)
  hurley (~> 0.1)
  memoist (~> 0.11)
  mime-types (>= 1.6)
  representable (~> 2.3.0)
  retriable (~> 2.0)
  thor (~> 0.19)

Gem googleauth-0.5.1
  faraday (~> 0.9)
  jwt (~> 1.4)
  logging (~> 2.0)
  memoist (~> 0.12)
  multi_json (~> 1.11)
  os (~> 0.9)
  signet (~> 0.7)

Gem hashie-3.4.4
  rake (>= 0, development)
  rspec (~> 3.0, development)
  rspec-pending_for (~> 0.1, development)

Gem hike-1.2.3
  rake (>= 0, development)

Gem httpclient-2.8.2.2

Gem hurley-0.2
  bundler (~> 1.0, development)

Gem i18n-0.7.0

Gem io-console-0.4.5

Gem jbuilder-2.4.1
  activesupport (< 5.1, >= 3.0.0)
  multi_json (~> 1.2)

Gem jbuilder-2.6.0
  activesupport (< 5.1, >= 3.0.0)
  multi_json (~> 1.2)

Gem jquery-rails-2.2.2
  railties (< 5.0, >= 3.0)
  thor (< 2.0, >= 0.14)

Gem jquery-rails-4.1.1
  rails-dom-testing (< 3, >= 1)
  railties (>= 4.2.0)
  thor (< 2.0, >= 0.14)

Gem jquery-rails-4.2.1
  rails-dom-testing (< 3, >= 1)
  railties (>= 4.2.0)
  thor (< 2.0, >= 0.14)

Gem jquery-ui-rails-5.0.5
  json (~> 1.7, development)
  railties (>= 3.2.16)

Gem json-1.8.3

Gem jwt-1.5.4
  bundler (>= 0, development)
  codeclimate-test-reporter (>= 0, development)
  rake (>= 0, development)
  rspec (>= 0, development)
  simplecov (>= 0, development)
  simplecov-json (>= 0, development)

Gem launchy-2.4.2
  addressable (~> 2.3)
  minitest (~> 5.0, development)
  rake (~> 10.1, development)
  rdoc (~> 3.12, development)

Gem launchy-2.4.3
  addressable (~> 2.3)
  minitest (~> 5.0, development)
  rake (~> 10.1, development)
  rdoc (~> 4.1, development)

Gem little-plugger-1.1.4
  rspec (~> 3.3, development)

Gem logging-2.1.0
  bones (>= 3.8.3, development)
  bones-git (~> 1.3, development)
  little-plugger (~> 1.1)
  multi_json (~> 1.10)
  test-unit (~> 3.1, development)

Gem loofah-2.0.3
  hoe (~> 3.13, development)
  hoe-bundler (>= 0, development)
  hoe-debugging (>= 0, development)
  hoe-gemspec (>= 0, development)
  hoe-git (>= 0, development)
  json (>= 0, development)
  minitest (~> 2.2, development)
  nokogiri (>= 1.5.9)
  rake (>= 0.8, development)
  rdoc (~> 4.0, development)
  rr (~> 1.1.0, development)

Gem mail-2.6.4
  bundler (>= 1.0.3, development)
  mime-types (< 4, >= 1.16)
  rake (> 0.8.7, development)
  rdoc (>= 0, development)
  rspec (~> 3.0, development)

Gem memoist-0.14.0
  bundler (>= 0, development)
  minitest (~> 5.5.1, development)
  rake (>= 0, development)

Gem mime-types-3.0
  fivemat (~> 1.3, development)
  hoe (~> 3.14, development)
  hoe-doofus (~> 1.0, development)
  hoe-gemspec2 (~> 1.1, development)
  hoe-git (~> 1.6, development)
  hoe-rubygems (~> 1.0, development)
  hoe-travis (~> 1.2, development)
  mime-types-data (~> 3.2015)
  minitest (~> 5.8, development)
  minitest-autotest (~> 1.0, development)
  minitest-bonus-assertions (~> 2.0, development)
  minitest-focus (~> 1.0, development)
  minitest-rg (~> 5.2, development)
  rake (~> 10.0, development)
  rdoc (~> 4.0, development)
  simplecov (~> 0.7, development)

Gem mime-types-3.1
  fivemat (~> 1.3, development)
  hoe (~> 3.15, development)
  hoe-doofus (~> 1.0, development)
  hoe-gemspec2 (~> 1.1, development)
  hoe-git (~> 1.6, development)
  hoe-rubygems (~> 1.0, development)
  hoe-travis (~> 1.2, development)
  mime-types-data (~> 3.2015)
  minitest (~> 5.9, development)
  minitest-autotest (~> 1.0, development)
  minitest-bonus-assertions (~> 2.0, development)
  minitest-focus (~> 1.0, development)
  minitest-hooks (~> 1.4, development)
  minitest-rg (~> 5.2, development)
  rake (~> 10.0, development)
  rdoc (~> 4.0, development)
  simplecov (~> 0.7, development)

Gem mime-types-data-3.2016.0221
  hoe (~> 3.14, development)
  hoe-doofus (~> 1.0, development)
  hoe-gemspec2 (~> 1.1, development)
  hoe-git (~> 1.6, development)
  hoe-rubygems (~> 1.0, development)
  mime-types (~> 3.0, development)
  nokogiri (~> 1.6, development)
  rake (~> 10.0, development)
  rdoc (~> 4.0, development)

Gem mime-types-data-3.2016.0521
  hoe (~> 3.15, development)
  hoe-doofus (~> 1.0, development)
  hoe-gemspec2 (~> 1.1, development)
  hoe-git (~> 1.6, development)
  hoe-rubygems (~> 1.0, development)
  mime-types (~> 3.0, development)
  nokogiri (~> 1.6, development)
  rake (~> 10.0, development)
  rdoc (~> 4.0, development)

Gem mini_portile-0.5.2

Gem mini_portile2-2.0.0
  bundler (~> 1.7, development)
  minitar (~> 0.5.4, development)
  rake (~> 10.0, development)
  test-unit (~> 3.0, development)

Gem mini_portile2-2.1.0
  bundler (~> 1.7, development)
  minitar (~> 0.5.4, development)
  minitest (~> 5.8.0, development)
  minitest-hooks (~> 1.4.0, development)
  rake (~> 10.0, development)

Gem minitest-5.8.3
  hoe (~> 3.14, development)
  rdoc (~> 4.0, development)

Gem minitest-5.8.4
  hoe (~> 3.14, development)
  rdoc (~> 4.0, development)

Gem minitest-5.9.0
  hoe (~> 3.15, development)
  rdoc (~> 4.0, development)

Gem multi_json-1.11.3
  bundler (~> 1.0, development)

Gem multi_json-1.12.1
  bundler (~> 1.0, development)

Gem multi_xml-0.5.5
  bundler (~> 1.0, development)

Gem multipart-post-2.0.0

Gem net-telnet-0.1.1
  bundler (~> 1.9, development)
  rake (~> 10.0, development)

Gem nokogiri-1.6.1
  hoe (~> 3.7, development)
  hoe-bundler (>= 1.1, development)
  hoe-debugging (>= 1.0.3, development)
  hoe-gemspec (>= 1.0, development)
  hoe-git (>= 1.4, development)
  mini_portile (~> 0.5.0)
  minitest (~> 2.2.2, development)
  racc (>= 1.4.6, development)
  rake (>= 0.9, development)
  rake-compiler (~> 0.8.0, development)
  rdoc (~> 4.0, development)
  rexical (>= 1.0.5, development)

Gem nokogiri-1.6.7.2
  hoe (~> 3.14, development)
  hoe-bundler (>= 1.1, development)
  hoe-debugging (~> 1.2.1, development)
  hoe-gemspec (>= 1.0, development)
  hoe-git (>= 1.4, development)
  mini_portile2 (~> 2.0.0.rc2)
  minitest (~> 2.2.2, development)
  racc (>= 1.4.6, development)
  rake (>= 0.9, development)
  rake-compiler (~> 0.9.2, development)
  rake-compiler-dock (~> 0.4.2, development)
  rdoc (~> 4.0, development)
  rexical (>= 1.0.5, development)

Gem nokogiri-1.6.8
  hoe (~> 3.15, development)
  hoe-bundler (~> 1.2.0, development)
  hoe-debugging (~> 1.2.1, development)
  hoe-gemspec (~> 1.0.0, development)
  hoe-git (~> 1.6.0, development)
  mini_portile2 (~> 2.1.0)
  minitest (~> 5.8.4, development)
  pkg-config (~> 1.1.7)
  racc (~> 1.4.14, development)
  rake (~> 10.5.0, development)
  rake-compiler (~> 0.9.2, development)
  rake-compiler-dock (~> 0.5.1, development)
  rdoc (~> 4.0, development)
  rexical (~> 1.0.5, development)

Gem oauth2-1.2.0
  bundler (~> 1.0, development)
  faraday (< 0.10, >= 0.8)
  jwt (~> 1.0)
  multi_json (~> 1.3)
  multi_xml (~> 0.5)
  rack (< 3, >= 1.2)

Gem omniauth-1.2.2
  bundler (~> 1.0, development)
  hashie (< 4, >= 1.2)
  rack (~> 1.0)

Gem omniauth-1.3.1
  bundler (~> 1.0, development)
  hashie (< 4, >= 1.2)
  rack (< 3, >= 1.0)

Gem omniauth-github-1.1.2
  omniauth (~> 1.0)
  omniauth-oauth2 (~> 1.1)
  rack-test (>= 0, development)
  rspec (~> 2.7, development)
  simplecov (>= 0, development)
  webmock (>= 0, development)

Gem omniauth-google-oauth2-0.4.1
  jwt (~> 1.5.2)
  multi_json (~> 1.3)
  omniauth (>= 1.1.1)
  omniauth-oauth2 (>= 1.3.1)
  rake (>= 0, development)
  rspec (>= 2.14.0, development)

Gem omniauth-oauth2-1.4.0
  bundler (~> 1.0, development)
  oauth2 (~> 1.0)
  omniauth (~> 1.2)

Gem orm_adapter-0.5.0
  activerecord (>= 3.2.15, development)
  bson_ext (>= 1.3.0, development)
  bundler (>= 1.0.0, development)
  datamapper (>= 1.0, development)
  dm-active_model (>= 1.0, development)
  dm-sqlite-adapter (>= 1.0, development)
  git (>= 1.2.5, development)
  mongo_mapper (~> 0.11.0, development)
  mongoid (~> 2.8.0, development)
  rake (>= 0.8.7, development)
  rspec (>= 2.4.0, development)
  sqlite3 (>= 1.3.2, development)
  yard (>= 0.6.0, development)

Gem os-0.9.6
  rspec (>= 2.0, development)

Gem parser-2.3.1.4
  ast (~> 2.2)
  bundler (~> 1.2, development)
  cliver (~> 0.3.0, development)
  gauntlet (>= 0, development)
  kramdown (>= 0, development)
  minitest (~> 5.0, development)
  racc (= 1.4.14, development)
  rake (~> 10.0, development)
  simplecov (~> 0.8.2, development)
  yard (>= 0, development)

Gem pg-0.17.1
  hoe (~> 3.5.1, development)
  hoe-bundler (~> 1.0, development)
  hoe-deveiate (~> 0.2, development)
  hoe-highline (~> 0.1.0, development)
  hoe-mercurial (~> 1.4.0, development)
  rake-compiler (~> 0.9, development)
  rdoc (~> 4.0, development)

Gem pg-0.18.4
  hoe (~> 3.12, development)
  hoe-bundler (~> 1.0, development)
  hoe-deveiate (~> 0.7, development)
  hoe-highline (~> 0.2, development)
  hoe-mercurial (~> 1.4, development)
  rake-compiler (~> 0.9, development)
  rake-compiler-dock (~> 0.3, development)
  rdoc (~> 4.0, development)
  rspec (~> 3.0, development)

Gem pkg-config-1.1.7
  bundler (>= 0, development)
  rake (>= 0, development)
  test-unit (>= 0, development)

Gem power_assert-0.2.6
  rake (>= 0, development)
  simplecov (>= 0, development)
  test-unit (>= 0, development)

Gem power_assert-0.2.7
  rake (>= 0, development)
  simplecov (>= 0, development)
  test-unit (>= 0, development)

Gem powerpack-0.1.1
  bundler (~> 1.3, development)
  rake (>= 0, development)
  rspec (>= 0, development)
  yard (~> 0.8, development)

Gem psych-2.0.17

Gem rack-1.6.4
  bacon (>= 0, development)
  rake (>= 0, development)

Gem rack-test-0.6.3
  rack (>= 1.0)

Gem rails-4.2.6
  actionmailer (= 4.2.6)
  actionpack (= 4.2.6)
  actionview (= 4.2.6)
  activejob (= 4.2.6)
  activemodel (= 4.2.6)
  activerecord (= 4.2.6)
  activesupport (= 4.2.6)
  bundler (< 2.0, >= 1.3.0)
  railties (= 4.2.6)
  sprockets-rails (>= 0)

Gem rails-deprecated_sanitizer-1.0.3
  activesupport (>= 4.2.0.alpha)
  bundler (~> 1.6, development)
  rake (>= 0, development)

Gem rails-dom-testing-1.0.7
  activesupport (< 5.0, >= 4.2.0.beta)
  bundler (~> 1.3, development)
  minitest (>= 0, development)
  nokogiri (~> 1.6.0)
  rails-deprecated_sanitizer (>= 1.0.1)
  rake (>= 0, development)

Gem rails-html-sanitizer-1.0.3
  bundler (~> 1.3, development)
  loofah (~> 2.0)
  minitest (>= 0, development)
  rails-dom-testing (>= 0, development)
  rake (>= 0, development)

Gem rails_12factor-0.0.2
  rails_serve_static_assets (>= 0)
  rails_stdout_logging (>= 0)

Gem rails_12factor-0.0.3
  minitest (>= 0, development)
  rails_serve_static_assets (>= 0)
  rails_stdout_logging (>= 0)
  rake (>= 0, development)

Gem rails_autolink-1.1.6
  rails (> 3.1)

Gem rails_serve_static_assets-0.0.2

Gem rails_serve_static_assets-0.0.5
  capybara (>= 0, development)
  rails (>= 3.1, development)
  sprockets (>= 0, development)

Gem rails_stdout_logging-0.0.3

Gem rails_stdout_logging-0.0.5
  test-unit (~> 3, development)

Gem railties-4.2.6
  actionpack (= 4.2.6)
  actionview (= 4.2.6, development)
  activesupport (= 4.2.6)
  rake (>= 0.8.7)
  thor (< 2.0, >= 0.18.1)

Gem rainbow-2.1.0
  bundler (~> 1.3, development)

Gem rake-10.4.2
  hoe (~> 3.13, development)
  minitest (~> 5.4, development)
  rdoc (~> 4.0, development)

Gem rake-11.1.2
  hoe (~> 3.15, development)
  minitest (~> 5.0, development)
  rdoc (~> 4.0, development)

Gem rake-11.2.2
  bundler (~> 1.11, development)
  minitest (~> 5.8, development)
  rdoc (~> 4.0, development)

Gem rdoc-4.2.1

Gem rdoc-4.2.2
  hoe (~> 3.14, development)
  json (~> 1.4)
  kpeg (~> 0.9, development)
  minitest (~> 5.8, development)
  racc (> 1.4.10, ~> 1.4, development)
  rdoc (~> 4.0, development)

Gem representable-2.3.0
  json (>= 1.7.7, development)
  minitest (>= 5.4.1, development)
  mongoid (>= 0, development)
  rake (>= 0, development)
  ruby-prof (>= 0, development)
  test_xml (= 0.1.6, development)
  uber (~> 0.0.7)
  virtus (>= 0, development)

Gem responders-2.1.2
  railties (< 5.1, >= 4.2.0)

Gem responders-2.2.0
  railties (< 5.1, >= 4.2.0)

Gem retriable-2.1.0
  bundler (~> 1.7, development)
  guard (>= 0, development)
  guard-minitest (>= 0, development)
  minitest (~> 5.6, development)
  rake (~> 10.4, development)

Gem rspec-core-2.14.7
  ZenTest (~> 4.6, development)
  aruba (~> 0.5, development)
  cucumber (~> 1.1.9, development)
  flexmock (~> 0.9.0, development)
  mocha (~> 0.13.0, development)
  nokogiri (= 1.5.2, development)
  rake (~> 10.0.0, development)
  rr (~> 1.0.4, development)
  syntax (= 1.0.0, development)

Gem rspec-core-3.4.4
  aruba (~> 0.6.2, development)
  coderay (~> 1.0.9, development)
  cucumber (~> 1.3, development)
  flexmock (~> 0.9.0, development)
  minitest (~> 5.3, development)
  mocha (~> 0.13.0, development)
  rake (>= 10.0.0, development)
  rr (~> 1.0.4, development)
  rspec-support (~> 3.4.0)
  thread_order (~> 1.1.0, development)

Gem rspec-core-3.5.2
  aruba (~> 0.6.2, development)
  coderay (~> 1.0.9, development)
  cucumber (~> 1.3, development)
  flexmock (~> 0.9.0, development)
  minitest (~> 5.3, development)
  mocha (~> 0.13.0, development)
  rr (~> 1.0.4, development)
  rspec-support (~> 3.5.0)
  thread_order (~> 1.1.0, development)

Gem rspec-expectations-2.14.4
  aruba (~> 0.5, development)
  cucumber (~> 1.1.9, development)
  diff-lcs (< 2.0, >= 1.1.3)
  rake (~> 10.0.0, development)

Gem rspec-expectations-3.4.0
  aruba (~> 0.6.2, development)
  cucumber (~> 1.3, development)
  diff-lcs (< 2.0, >= 1.2.0)
  minitest (~> 5.2, development)
  rake (~> 10.0.0, development)
  rspec-support (~> 3.4.0)

Gem rspec-expectations-3.5.0
  aruba (~> 0.6.2, development)
  cucumber (~> 1.3, development)
  diff-lcs (< 2.0, >= 1.2.0)
  minitest (~> 5.2, development)
  rake (~> 10.0.0, development)
  rspec-support (~> 3.5.0)

Gem rspec-mocks-2.14.4
  aruba (~> 0.5, development)
  cucumber (~> 1.1.9, development)
  rake (~> 10.0.0, development)

Gem rspec-mocks-3.4.1
  aruba (~> 0.6.2, development)
  cucumber (~> 1.3.15, development)
  diff-lcs (< 2.0, >= 1.2.0)
  minitest (~> 5.2, development)
  rake (~> 10.0.0, development)
  rspec-support (~> 3.4.0)

Gem rspec-mocks-3.5.0
  aruba (~> 0.6.2, development)
  cucumber (~> 1.3.15, development)
  diff-lcs (< 2.0, >= 1.2.0)
  minitest (~> 5.2, development)
  rake (~> 10.0.0, development)
  rspec-support (~> 3.5.0)

Gem rspec-rails-3.4.2
  actionpack (< 4.3, >= 3.0)
  activesupport (< 4.3, >= 3.0)
  ammeter (= 1.1.2, development)
  aruba (~> 0.5.4, development)
  cucumber (~> 1.3.5, development)
  railties (< 4.3, >= 3.0)
  rake (~> 10.0.0, development)
  rspec-core (~> 3.4.0)
  rspec-expectations (~> 3.4.0)
  rspec-mocks (~> 3.4.0)
  rspec-support (~> 3.4.0)

Gem rspec-rails-3.5.1
  actionpack (>= 3.0)
  activesupport (>= 3.0)
  ammeter (~> 1.1.2, development)
  aruba (~> 0.5.4, development)
  cucumber (~> 1.3.5, development)
  railties (>= 3.0)
  rspec-core (~> 3.5.0)
  rspec-expectations (~> 3.5.0)
  rspec-mocks (~> 3.5.0)
  rspec-support (~> 3.5.0)

Gem rspec-support-3.4.1
  bundler (~> 1.3, development)
  rake (~> 10.0.0, development)
  thread_order (~> 1.1.0, development)

Gem rspec-support-3.5.0
  bundler (~> 1.3, development)
  rake (~> 10.0.0, development)
  thread_order (~> 1.1.0, development)

Gem rubocop-0.36.0
  bundler (~> 1.3, development)
  parser (< 3.0, >= 2.3.0.0)
  powerpack (~> 0.1)
  rainbow (< 3.0, >= 1.99.1)
  ruby-progressbar (~> 1.7)

Gem ruby-progressbar-1.8.1
  fuubar (~> 2.0, development)
  rspec (~> 3.2, development)
  rspectacular (~> 0.70.6, development)
  timecop (= 0.6.1, development)
  warning_filter (~> 0.0.2, development)

Gem sass-3.2.13
  maruku (>= 0.5.9, development)
  yard (>= 0.5.3, development)

Gem sass-3.2.19
  maruku (>= 0.5.9, development)
  yard (>= 0.5.3, development)

Gem sass-3.4.22
  maruku (>= 0.5.9, development)
  minitest (>= 5, development)
  yard (>= 0.5.3, development)

Gem sass-rails-4.0.5
  rails (>= 0, development)
  railties (< 5.0, >= 4.0.0)
  sass (~> 3.2.2)
  sprockets (< 3.0, ~> 2.8)
  sprockets-rails (~> 2.0)
  sqlite3 (>= 0, development)

Gem sass-rails-5.0.4
  railties (< 5.0, >= 4.0.0)
  sass (~> 3.1)
  sprockets (< 4.0, >= 2.8)
  sprockets-rails (< 4.0, >= 2.0)
  sqlite3 (>= 0, development)
  tilt (< 3, >= 1.1)

Gem sass-rails-5.0.6
  railties (< 6, >= 4.0.0)
  sass (~> 3.1)
  sprockets (< 4.0, >= 2.8)
  sprockets-rails (< 4.0, >= 2.0)
  sqlite3 (>= 0, development)
  tilt (< 3, >= 1.1)

Gem sdoc-0.4.1
  bundler (~> 1.3, development)
  json (>= 1.7.7, ~> 1.7)
  minitest (~> 4.0, development)
  rake (>= 0, development)
  rdoc (~> 4.0)

Gem signet-0.7.3
  addressable (~> 2.3)
  faraday (~> 0.9)
  jwt (~> 1.5)
  kramdown (~> 1.5, development)
  launchy (~> 2.4, development)
  multi_json (~> 1.10)
  rake (~> 10.0, development)
  rspec (~> 3.1, development)
  simplecov (~> 0.9, development)
  yard (~> 0.8, development)

Gem simple_form-3.2.1
  actionpack (< 5.1, > 4)
  activemodel (< 5.1, > 4)

Gem spring-1.1.1
  activesupport (>= 0, development)
  rake (>= 0, development)

Gem spring-1.7.1
  activesupport (~> 4.2.0, development)
  bump (>= 0, development)
  rake (>= 0, development)

Gem spring-1.7.2
  activesupport (~> 4.2.0, development)
  bump (>= 0, development)
  rake (>= 0, development)

Gem spring-commands-rspec-1.0.1
  bundler (~> 1.3, development)
  rake (>= 0, development)
  spring (>= 0.9.1)

Gem spring-commands-rspec-1.0.4
  bundler (~> 1.3, development)
  rake (>= 0, development)
  spring (>= 0.9.1)

Gem sprockets-2.11.0
  closure-compiler (>= 0, development)
  coffee-script (~> 2.0, development)
  coffee-script-source (~> 1.2, development)
  eco (~> 1.0, development)
  ejs (~> 1.0, development)
  execjs (~> 1.0, development)
  hike (~> 1.2)
  json (>= 0, development)
  multi_json (~> 1.0)
  rack (~> 1.0)
  rack-test (>= 0, development)
  rake (>= 0, development)
  sass (~> 3.1, development)
  tilt (!= 1.3.0, ~> 1.1)
  uglifier (>= 0, development)
  yui-compressor (>= 0, development)

Gem sprockets-2.12.4
  closure-compiler (>= 0, development)
  coffee-script (~> 2.0, development)
  coffee-script-source (~> 1.2, development)
  eco (~> 1.0, development)
  ejs (~> 1.0, development)
  execjs (~> 1.0, development)
  hike (~> 1.2)
  json (>= 0, development)
  multi_json (~> 1.0)
  rack (~> 1.0)
  rack-test (>= 0, development)
  rake (>= 0, development)
  sass (~> 3.1, development)
  tilt (!= 1.3.0, ~> 1.1)
  uglifier (>= 0, development)
  yui-compressor (>= 0, development)

Gem sprockets-3.6.0
  closure-compiler (~> 1.1, development)
  coffee-script (~> 2.2, development)
  coffee-script-source (~> 1.6, development)
  concurrent-ruby (~> 1.0)
  eco (~> 1.0, development)
  ejs (~> 1.0, development)
  execjs (~> 2.0, development)
  minitest (~> 5.0, development)
  nokogiri (~> 1.3, development)
  rack (< 3, > 1)
  rack-test (~> 0.6, development)
  rake (~> 10.0, development)
  sass (~> 3.1, development)
  uglifier (~> 2.3, development)
  yui-compressor (~> 0.12, development)

Gem sprockets-3.7.0
  closure-compiler (~> 1.1, development)
  coffee-script (~> 2.2, development)
  coffee-script-source (~> 1.6, development)
  concurrent-ruby (~> 1.0)
  eco (~> 1.0, development)
  ejs (~> 1.0, development)
  execjs (~> 2.0, development)
  minitest (~> 5.0, development)
  nokogiri (~> 1.3, development)
  rack (< 3, > 1)
  rack-test (~> 0.6, development)
  rake (~> 10.0, development)
  sass (~> 3.1, development)
  uglifier (~> 2.3, development)
  yui-compressor (~> 0.12, development)

Gem sprockets-rails-2.3.3
  actionpack (>= 3.0)
  activesupport (>= 3.0)
  railties (>= 3.0, development)
  rake (>= 0, development)
  sass (>= 0, development)
  sprockets (< 4.0, >= 2.8)
  uglifier (>= 0, development)

Gem sprockets-rails-3.0.4
  actionpack (>= 4.0)
  activesupport (>= 4.0)
  railties (>= 4.0, development)
  rake (>= 0, development)
  sass (>= 0, development)
  sprockets (>= 3.0.0)
  uglifier (>= 0, development)

Gem sprockets-rails-3.1.1
  actionpack (>= 4.0)
  activesupport (>= 4.0)
  railties (>= 4.0, development)
  rake (>= 0, development)
  sass (>= 0, development)
  sprockets (>= 3.0.0)
  uglifier (>= 0, development)

Gem sqlite3-1.3.11
  hoe (~> 3.14, development)
  hoe-bundler (~> 1.0, development)
  mini_portile (~> 0.6.2, development)
  minitest (~> 5.8, development)
  rake-compiler (~> 0.9.3, development)
  rake-compiler-dock (~> 0.4.3, development)
  rdoc (~> 4.0, development)

Gem test-unit-3.1.5
  bundler (>= 0, development)
  kramdown (>= 0, development)
  packnga (>= 0, development)
  power_assert (>= 0)
  rake (>= 0, development)
  yard (>= 0, development)

Gem test-unit-3.1.8
  bundler (>= 0, development)
  kramdown (>= 0, development)
  packnga (>= 0, development)
  power_assert (>= 0)
  rake (>= 0, development)
  yard (>= 0, development)

Gem thor-0.19.1
  bundler (~> 1.0, development)

Gem thread_safe-0.3.5
  atomic (= 1.1.16, development)
  minitest (>= 4, development)
  rake (>= 0, development)

Gem tilt-1.4.1
  RedCloth (>= 0, development)
  asciidoctor (>= 0.1.0, development)
  bluecloth (>= 0, development)
  builder (>= 0, development)
  coffee-script (>= 0, development)
  contest (>= 0, development)
  creole (>= 0, development)
  erubis (>= 0, development)
  haml (>= 2.2.11, development)
  kramdown (>= 0, development)
  less (>= 0, development)
  liquid (>= 0, development)
  markaby (>= 0, development)
  maruku (>= 0, development)
  nokogiri (>= 0, development)
  radius (>= 0, development)
  rdiscount (>= 0, development)
  rdoc (>= 0, development)
  rdoc (>= 0, development)
  redcarpet (>= 0, development)
  sass (>= 0, development)
  wikicloth (>= 0, development)
  yajl-ruby (>= 0, development)

Gem tilt-2.0.4

Gem tilt-2.0.5

Gem turbolinks-1.1.1
  coffee-rails (>= 0)

Gem turbolinks-2.5.3
  coffee-rails (>= 0)

Gem turbolinks-5.0.1
  turbolinks-source (~> 5)

Gem turbolinks-source-5.0.0

Gem twilio-ruby-4.11.1
  builder (>= 2.1.2)
  bundler (~> 1.5, development)
  jwt (~> 1.0)
  multi_json (>= 1.3.0)

Gem tzinfo-1.2.2
  thread_safe (~> 0.1)

Gem uber-0.0.15
  minitest (>= 5.0.0, development)
  rake (>= 0.10.1, development)

Gem uglifier-2.4.0
  bundler (~> 1.3, development)
  execjs (>= 0.3.0)
  json (>= 1.8.0)
  rake (~> 10.1.0, development)
  rdoc (>= 3.11, development)
  rspec (~> 2.7, development)
  source_map (>= 0, development)

Gem uglifier-3.0.0
  bundler (~> 1.3, development)
  execjs (< 3, >= 0.3.0)
  rake (~> 10.4, development)
  rspec (~> 3.0, development)
  sourcemap (~> 0.1.1, development)

Gem uglifier-3.0.1
  bundler (~> 1.3, development)
  execjs (< 3, >= 0.3.0)
  rake (~> 10.4, development)
  rspec (~> 3.0, development)
  sourcemap (~> 0.1.1, development)

Gem uglifier-3.0.2
  bundler (~> 1.3, development)
  execjs (< 3, >= 0.3.0)
  rake (~> 10.4, development)
  rspec (~> 3.0, development)
  sourcemap (~> 0.1.1, development)

Gem warden-1.2.6
  rack (>= 1.0)

Gem web-console-2.3.0
  actionmailer (>= 4.0, development)
  activemodel (>= 4.0)
  activerecord (>= 4.0, development)
  binding_of_caller (>= 0.7.2)
  railties (>= 4.0)
  sprockets-rails (< 4.0, >= 2.0)

Gem xpath-2.0.0
  nokogiri (~> 1.3)
  rake (>= 0, development)
  rspec (~> 2.0, development)
  yard (>= 0.5.8, development)

